0 info it worked if it ends with ok
1 verbose cli [ '/home/pi/node-v0.10.3-linux-arm-pi/bin/node',
1 verbose cli   '/home/pi/node-v0.10.3-linux-arm-pi/bin/npm',
1 verbose cli   'start' ]
2 info using npm@1.2.17
3 info using node@v0.10.3
4 verbose read json /home/pi/Room-Presence-Service/backend/package.json
5 verbose run-script [ 'prestart', 'start', 'poststart' ]
6 info prestart rpservice@0.0.1
7 info start rpservice@0.0.1
8 verbose unsafe-perm in lifecycle true
9 silly exec sh "-c" "node server.js"
10 silly sh,-c,node server.js,/home/pi/Room-Presence-Service/backend spawning
11 info rpservice@0.0.1 Failed to exec start script
12 error rpservice@0.0.1 start: `node server.js`
12 error `sh "-c" "node server.js"` failed with 1
13 error Failed at the rpservice@0.0.1 start script.
13 error This is most likely a problem with the rpservice package,
13 error not with npm itself.
13 error Tell the author that this fails on your system:
13 error     node server.js
13 error You can get their info via:
13 error     npm owner ls rpservice
13 error There is likely additional logging output above.
14 error System Linux 3.10.25+
15 error command "/home/pi/node-v0.10.3-linux-arm-pi/bin/node" "/home/pi/node-v0.10.3-linux-arm-pi/bin/npm" "start"
16 error cwd /home/pi/Room-Presence-Service/backend
17 error node -v v0.10.3
18 error npm -v 1.2.17
19 error code ELIFECYCLE
20 verbose exit [ 1, true ]
